c:\users\gabriel kuka\source\repos\myrestaurant\myrestaurant\debug\myrestaurant.pch
c:\users\gabriel kuka\source\repos\myrestaurant\myrestaurant\debug\vc141.pdb
c:\users\gabriel kuka\source\repos\myrestaurant\myrestaurant\debug\vc141.idb
c:\users\gabriel kuka\source\repos\myrestaurant\myrestaurant\debug\pch.obj
c:\users\gabriel kuka\source\repos\myrestaurant\myrestaurant\debug\queue.obj
c:\users\gabriel kuka\source\repos\myrestaurant\myrestaurant\debug\order.obj
c:\users\gabriel kuka\source\repos\myrestaurant\myrestaurant\debug\nonalcoholic.obj
c:\users\gabriel kuka\source\repos\myrestaurant\myrestaurant\debug\myrestaurant.obj
c:\users\gabriel kuka\source\repos\myrestaurant\myrestaurant\debug\maincourse.obj
c:\users\gabriel kuka\source\repos\myrestaurant\myrestaurant\debug\food.obj
c:\users\gabriel kuka\source\repos\myrestaurant\myrestaurant\debug\drinks.obj
c:\users\gabriel kuka\source\repos\myrestaurant\myrestaurant\debug\desserts.obj
c:\users\gabriel kuka\source\repos\myrestaurant\myrestaurant\debug\appetizers.obj
c:\users\gabriel kuka\source\repos\myrestaurant\myrestaurant\debug\alcoholic.obj
c:\users\gabriel kuka\source\repos\myrestaurant\debug\myrestaurant.exe
c:\users\gabriel kuka\source\repos\myrestaurant\debug\myrestaurant.ilk
c:\users\gabriel kuka\source\repos\myrestaurant\debug\myrestaurant.pdb
c:\users\gabriel kuka\source\repos\myrestaurant\myrestaurant\debug\myrestaurant.obj.enc
c:\users\gabriel kuka\source\repos\myrestaurant\myrestaurant\debug\myrestaurant.tlog\cl.command.1.tlog
c:\users\gabriel kuka\source\repos\myrestaurant\myrestaurant\debug\myrestaurant.tlog\cl.read.1.tlog
c:\users\gabriel kuka\source\repos\myrestaurant\myrestaurant\debug\myrestaurant.tlog\cl.write.1.tlog
c:\users\gabriel kuka\source\repos\myrestaurant\myrestaurant\debug\myrestaurant.tlog\link.command.1.tlog
c:\users\gabriel kuka\source\repos\myrestaurant\myrestaurant\debug\myrestaurant.tlog\link.read.1.tlog
c:\users\gabriel kuka\source\repos\myrestaurant\myrestaurant\debug\myrestaurant.tlog\link.write.1.tlog
